{"level":"info","time":"2025-09-27T23:03:05+03:00","message":"Server started"}
{"level":"info","time":"2025-09-27T23:03:38+03:00","message":"Server stopped"}
{"level":"info","time":"2025-10-05T20:59:32+03:00","message":"Server started"}
{"level":"info","time":"2025-10-05T20:59:37+03:00","message":"Server stopped"}
{"level":"info","time":"2025-10-05T21:39:16+03:00","message":"Server started"}
{"level":"info","time":"2025-10-05T21:39:19+03:00","message":"Server stopped"}
{"level":"info","time":"2025-10-05T21:49:57+03:00","message":"Server started"}
{"level":"info","time":"2025-10-05T21:50:08+03:00","message":"Server stopped"}
{"level":"info","time":"2025-10-17T01:26:08+03:00","message":"Server started"}
{"level":"info","time":"2025-10-17T01:26:11+03:00","message":"Server stopped"}
{"level":"info","time":"2025-10-17T01:26:14+03:00","message":"Server started"}
{"level":"info","time":"2025-10-17T01:26:46+03:00","message":"Server stopped"}
{"level":"info","time":"2025-10-17T01:28:43+03:00","message":"Server started"}
{"level":"info","time":"2025-10-17T01:28:54+03:00","message":"Server stopped"}
{"level":"info","time":"2025-10-17T01:30:01+03:00","message":"Server started"}
{"level":"info","time":"2025-10-17T01:30:21+03:00","message":"Server stopped"}
{"level":"info","time":"2025-10-23T23:10:02+03:00","message":"Server started"}
{"level":"info","time":"2025-10-23T23:10:39+03:00","message":"Server stopped"}
{"level":"info","time":"2025-10-23T23:10:53+03:00","message":"Server started"}
{"level":"info","time":"2025-10-23T23:11:05+03:00","message":"Server stopped"}
{"level":"info","time":"2025-10-23T23:20:41+03:00","message":"Server started"}
{"level":"info","time":"2025-10-23T23:21:38+03:00","message":"Server stopped"}
{"level":"info","time":"2025-10-23T23:24:22+03:00","message":"Server started"}
{"level":"info","time":"2025-10-23T23:25:40+03:00","message":"Server stopped"}
{"level":"info","time":"2025-10-23T23:27:20+03:00","message":"Server started"}
{"level":"info","time":"2025-10-23T23:28:59+03:00","message":"Server stopped"}
{"level":"info","time":"2025-10-23T23:30:27+03:00","message":"Server started"}
{"level":"info","time":"2025-10-23T23:30:33+03:00","message":"login success -> &{eyJhbGciOiJIUzI1NiIsInR5cCI6IkpXVCJ9.eyJ1c2VyX2lkIjoiMSIsImV4cCI6MTc2MTI1MjMzMywiaXNzIjoieW91ci1hcHAifQ.LEK--K2xG8PV6vpzQ0K7sKx7fKOIIcJb0eTa1w4vOhs eyJhbGciOiJIUzI1NiIsInR5cCI6IkpXVCJ9.eyJ1c2VyX2lkIjoiMSIsImV4cCI6MTc2MTg1NjIzMywiaXNzIjoieW91ci1hcHAifQ.iDnBZueN2cQoOHueYJy8Pt8_sgVKGANGLmjIRSeQbUM}, 1"}
{"level":"info","time":"2025-10-23T23:31:14+03:00","message":"Server stopped"}
{"level":"info","time":"2025-10-23T23:31:45+03:00","message":"Server started"}
{"level":"info","time":"2025-10-23T23:32:07+03:00","message":"Server stopped"}
{"level":"info","time":"2025-10-23T23:43:05+03:00","message":"Server started"}
{"level":"info","time":"2025-10-23T23:43:12+03:00","message":"login success -> &{eyJhbGciOiJIUzI1NiIsInR5cCI6IkpXVCJ9.eyJ1c2VyX2lkIjoiMSIsImV4cCI6MTc2MTI1MzA5MiwiaXNzIjoieW91ci1hcHAifQ.Hi25Hem8D06JpSynU4_Npe8-kc7NFoseDHLrDKgCj2Y eyJhbGciOiJIUzI1NiIsInR5cCI6IkpXVCJ9.eyJ1c2VyX2lkIjoiMSIsImV4cCI6MTc2MTg1Njk5MiwiaXNzIjoieW91ci1hcHAifQ.1elGsxohbFko2TsWsWq_6JOxJSyJUOmP4IUA-jHWRcU}, 1"}
{"level":"info","time":"2025-10-23T23:44:54+03:00","message":"login success -> &{eyJhbGciOiJIUzI1NiIsInR5cCI6IkpXVCJ9.eyJ1c2VyX2lkIjoiMSIsImV4cCI6MTc2MTI1MzE5NCwiaXNzIjoieW91ci1hcHAifQ.k730cHcOqqCUF4N4FZAzErTiRe0zPvKnwOPq4bcrh84 eyJhbGciOiJIUzI1NiIsInR5cCI6IkpXVCJ9.eyJ1c2VyX2lkIjoiMSIsImV4cCI6MTc2MTg1NzA5NCwiaXNzIjoieW91ci1hcHAifQ.qSpJ8QngcUU6uiiZM4P0zLfR-Z3LGyq_im_FZRkXR2I}, 1"}
{"level":"info","time":"2025-10-23T23:45:58+03:00","message":"Server stopped"}
{"level":"info","time":"2025-10-23T23:46:43+03:00","message":"Server started"}
{"level":"info","time":"2025-10-23T23:48:04+03:00","message":"Server stopped"}
{"level":"info","time":"2025-10-23T23:50:17+03:00","message":"Server started"}
{"level":"info","time":"2025-10-23T23:52:13+03:00","message":"Server stopped"}
{"level":"info","time":"2025-10-23T23:52:18+03:00","message":"Server started"}
{"level":"info","time":"2025-10-23T23:52:20+03:00","message":"Server stopped"}
{"level":"info","time":"2025-10-23T23:52:25+03:00","message":"Server started"}
{"level":"info","time":"2025-10-23T23:52:53+03:00","message":"login success -> &{eyJhbGciOiJIUzI1NiIsInR5cCI6IkpXVCJ9.eyJ1c2VyX2lkIjoiMSIsImV4cCI6MTc2MTI1MzY3MywiaXNzIjoieW91ci1hcHAifQ.SlKjQAkbdL411E0E5IvC6Fjd5w-GP0qvFkZ2WVK8DQs eyJhbGciOiJIUzI1NiIsInR5cCI6IkpXVCJ9.eyJ1c2VyX2lkIjoiMSIsImV4cCI6MTc2MTg1NzU3MywiaXNzIjoieW91ci1hcHAifQ.By5INScFHjt1L4p8AVTBUDUsPKOUn4ymHjfa_zupwC8}, 1"}
{"level":"info","time":"2025-10-23T23:56:43+03:00","message":"Server stopped"}
{"level":"info","time":"2025-10-23T23:59:33+03:00","message":"Server started"}
{"level":"info","time":"2025-10-23T23:59:38+03:00","message":"Server stopped"}
{"level":"info","time":"2025-10-23T23:59:49+03:00","message":"Server started"}
{"level":"info","time":"2025-10-24T00:00:10+03:00","message":"login success -> &{eyJhbGciOiJIUzI1NiIsInR5cCI6IkpXVCJ9.eyJ1c2VyX2lkIjoiMSIsImV4cCI6MTc2MTI1NDExMCwiaXNzIjoieW91ci1hcHAifQ.zbtW7Hmq5_YskxEiffQJBd2B4ty9gh1NoC7BKe7-8P0 eyJhbGciOiJIUzI1NiIsInR5cCI6IkpXVCJ9.eyJ1c2VyX2lkIjoiMSIsImV4cCI6MTc2MTg1ODAxMCwiaXNzIjoieW91ci1hcHAifQ.DYIYMa3sqi9jJU7rTNoj3BKxMgEP3ltD5npwGAWK41E}, 1"}
{"level":"info","time":"2025-10-24T00:00:50+03:00","message":"Server stopped"}
{"level":"info","time":"2025-10-24T00:02:16+03:00","message":"Server started"}
{"level":"info","time":"2025-10-24T00:02:27+03:00","message":"Server stopped"}
{"level":"info","time":"2025-10-24T00:02:38+03:00","message":"Server started"}
{"level":"info","time":"2025-10-24T00:02:54+03:00","message":"login success -> &{eyJhbGciOiJIUzI1NiIsInR5cCI6IkpXVCJ9.eyJ1c2VyX2lkIjoiMSIsImV4cCI6MTc2MTI1NDI3NCwiaXNzIjoieW91ci1hcHAifQ.kbHaj7Kr7q3XnxGC2O4EL17qeeTN86Cb9IIdsWDGF4o eyJhbGciOiJIUzI1NiIsInR5cCI6IkpXVCJ9.eyJ1c2VyX2lkIjoiMSIsImV4cCI6MTc2MTg1ODE3NCwiaXNzIjoieW91ci1hcHAifQ.EWZKv-g5yHHHwHnFK7lWMGDHXoza4-YgDV5r4VcWalM}, 1"}
{"level":"info","time":"2025-10-24T00:04:24+03:00","message":"Server stopped"}
{"level":"info","time":"2025-10-24T00:04:27+03:00","message":"Server started"}
{"level":"info","time":"2025-10-24T00:04:48+03:00","message":"login success -> &{eyJhbGciOiJIUzI1NiIsInR5cCI6IkpXVCJ9.eyJ1c2VyX2lkIjoiMSIsImV4cCI6MTc2MTI1NDM4OCwiaXNzIjoieW91ci1hcHAifQ.RmwZn3HexF08CHaKqrzaHm22dndPZxNQksPyafItois eyJhbGciOiJIUzI1NiIsInR5cCI6IkpXVCJ9.eyJ1c2VyX2lkIjoiMSIsImV4cCI6MTc2MTg1ODI4OCwiaXNzIjoieW91ci1hcHAifQ.Z51Ge4uBVu4q5YCE3emfWxhWhiJOUkectGYJEaPFSwk}, 1"}
{"level":"info","time":"2025-10-24T00:06:13+03:00","message":"Server stopped"}
{"level":"info","time":"2025-10-24T00:11:45+03:00","message":"Server started"}
{"level":"info","time":"2025-10-24T00:17:01+03:00","message":"Server stopped"}
{"level":"info","time":"2025-10-24T00:17:03+03:00","message":"Server started"}
{"level":"info","time":"2025-10-24T00:17:24+03:00","message":"Server stopped"}
{"level":"info","time":"2025-10-24T00:17:45+03:00","message":"Server started"}
{"level":"info","time":"2025-10-24T00:18:32+03:00","message":"login success -> &{eyJhbGciOiJIUzI1NiIsInR5cCI6IkpXVCJ9.eyJ1c2VyX2lkIjoiMSIsImV4cCI6MTc2MTI1NTIxMiwiaXNzIjoieW91ci1hcHAifQ.BclFQqnYjRjsZdUbW8jswZ3GwNcv56nF5AHXpFs5F6w eyJhbGciOiJIUzI1NiIsInR5cCI6IkpXVCJ9.eyJ1c2VyX2lkIjoiMSIsImV4cCI6MTc2MTg1OTExMiwiaXNzIjoieW91ci1hcHAifQ.1-iwh1g6rzUcO2F5E5d-7-cFHkiQYbWNOZCCUN_I_Yk}, 1"}
{"level":"info","time":"2025-10-24T00:19:16+03:00","message":"Server stopped"}
{"level":"info","time":"2025-10-24T00:20:24+03:00","message":"Server started"}
{"level":"info","time":"2025-10-24T00:20:56+03:00","message":"login success -> &{eyJhbGciOiJIUzI1NiIsInR5cCI6IkpXVCJ9.eyJ1c2VyX2lkIjoiMSIsImV4cCI6MTc2MTI1NTM1NiwiaXNzIjoieW91ci1hcHAifQ.rKI70wDW42YTBj7EkhozIodZQ-8Zmly7uRDApfNZmsA eyJhbGciOiJIUzI1NiIsInR5cCI6IkpXVCJ9.eyJ1c2VyX2lkIjoiMSIsImV4cCI6MTc2MTg1OTI1NiwiaXNzIjoieW91ci1hcHAifQ.ZlCv_aLJb-91OyIMpZMPbb_Si7_CQwHwygEsI7tk8H8}, 1"}
{"level":"info","time":"2025-10-24T00:21:54+03:00","message":"Server stopped"}
{"level":"info","time":"2025-10-24T00:21:58+03:00","message":"Server started"}
{"level":"info","time":"2025-10-24T00:22:20+03:00","message":"Server stopped"}
{"level":"info","time":"2025-10-24T00:22:23+03:00","message":"Server started"}
{"level":"info","time":"2025-10-24T00:22:43+03:00","message":"Server stopped"}
{"level":"info","time":"2025-10-24T00:22:44+03:00","message":"Server started"}
{"level":"info","time":"2025-10-24T00:22:49+03:00","message":"Server stopped"}
{"level":"info","time":"2025-10-24T00:23:35+03:00","message":"Server started"}
{"level":"info","time":"2025-10-24T00:25:37+03:00","message":"Server stopped"}
{"level":"info","time":"2025-10-24T00:25:40+03:00","message":"Server started"}
{"level":"info","time":"2025-10-24T00:25:43+03:00","message":"auth header: Bearer eyJhbGciOiJIUzI1NiIsInR5cCI6IkpXVCJ9.eyJ1c2VyX2lkIjoiMSIsImV4cCI6MTc2MTI1NTM1NiwiaXNzIjoieW91ci1hcHAifQ.rKI70wDW42YTBj7EkhozIodZQ-8Zmly7uRDApfmsA"}
{"level":"info","time":"2025-10-24T00:25:43+03:00","message":"Token: eyJhbGciOiJIUzI1NiIsInR5cCI6IkpXVCJ9.eyJ1c2VyX2lkIjoiMSIsImV4cCI6MTc2MTI1NTM1NiwiaXNzIjoieW91ci1hcHAifQ.rKI70wDW42YTBj7EkhozIodZQ-8Zmly7uRDApfmsA"}
{"level":"info","time":"2025-10-24T00:26:11+03:00","message":"auth header: Bearer eyJhbGciOiJIUzI1NiIsInR5cCI6IkpXVCJ9.eyJ1c2VyX2lkIjoiMSIsImV4cCI6MTc2MTI1NTM1NiwiaXNzIjoieW91ci1hcHAifQ.rKI70wDW42YTBj7EkhozIodZQ-8Zmly7uRDApfNZmsA"}
{"level":"info","time":"2025-10-24T00:26:11+03:00","message":"Token: eyJhbGciOiJIUzI1NiIsInR5cCI6IkpXVCJ9.eyJ1c2VyX2lkIjoiMSIsImV4cCI6MTc2MTI1NTM1NiwiaXNzIjoieW91ci1hcHAifQ.rKI70wDW42YTBj7EkhozIodZQ-8Zmly7uRDApfNZmsA"}
{"level":"info","time":"2025-10-24T00:26:11+03:00","message":"/user"}
{"level":"info","time":"2025-10-24T00:27:13+03:00","message":"Server stopped"}
{"level":"info","time":"2025-10-24T00:27:16+03:00","message":"Server started"}
{"level":"info","time":"2025-10-24T00:27:18+03:00","message":"auth header: Bearer eyJhbGciOiJIUzI1NiIsInR5cCI6IkpXVCJ9.eyJ1c2VyX2lkIjoiMSIsImV4cCI6MTc2MTI1NTM1NiwiaXNzIjoieW91ci1hcHAifQ.rKI70wDW42YTBj7EkhozIodZQ-8Zmly7uRDApfNZmsA"}
{"level":"info","time":"2025-10-24T00:27:18+03:00","message":"Token: eyJhbGciOiJIUzI1NiIsInR5cCI6IkpXVCJ9.eyJ1c2VyX2lkIjoiMSIsImV4cCI6MTc2MTI1NTM1NiwiaXNzIjoieW91ci1hcHAifQ.rKI70wDW42YTBj7EkhozIodZQ-8Zmly7uRDApfNZmsA"}
{"level":"info","time":"2025-10-24T00:27:18+03:00","message":"/user"}
{"level":"info","time":"2025-10-24T00:27:38+03:00","message":"auth header: Bearer eyJhbGciOiJIUzI1NiIsInR5cCI6IkpXVCJ9.eyJ1c2VyX2lkIjoiMSIsImV4cCI6MTc2MTI1NTM1NiwiaXNzIjoieW91ci1hcHAifQ.rKI70wDW42YTBj7EkhozIodZQ-8Zmly7uRDApfNZmsA"}
{"level":"info","time":"2025-10-24T00:27:38+03:00","message":"Token: eyJhbGciOiJIUzI1NiIsInR5cCI6IkpXVCJ9.eyJ1c2VyX2lkIjoiMSIsImV4cCI6MTc2MTI1NTM1NiwiaXNzIjoieW91ci1hcHAifQ.rKI70wDW42YTBj7EkhozIodZQ-8Zmly7uRDApfNZmsA"}
{"level":"info","time":"2025-10-24T00:27:38+03:00","message":"/user"}
{"level":"info","time":"2025-10-24T00:27:43+03:00","message":"Server stopped"}
